<?xml version="1.0" encoding="UTF-8"?>
<!-- Generated by org.testng.reporters.JUnitReportReporter -->
<testsuite skipped="0" hostname="DESKTOP-IUQKNDU" name="TestFramework.LoginUsingDataProvider" tests="1" failures="0" timestamp="19 May 2018 09:57:35 GMT" time="14.304" errors="0">
  <testcase name="loginTest" time="14.304" classname="TestFramework.LoginUsingDataProvider"/>
</testsuite> <!-- TestFramework.LoginUsingDataProvider -->
