<?xml version="1.0" encoding="UTF-8"?>
<!-- Generated by org.testng.reporters.JUnitReportReporter -->
<testsuite skipped="0" hostname="DESKTOP-IUQKNDU" name="TestFramework.Annotation" tests="1" failures="0" timestamp="13 May 2018 07:36:12 GMT" time="0.019" errors="0">
  <testcase name="tc01" time="0.019" classname="TestFramework.Annotation"/>
</testsuite> <!-- TestFramework.Annotation -->
