<?xml version="1.0" encoding="UTF-8"?>
<!-- Generated by org.testng.reporters.JUnitReportReporter -->
<testsuite skipped="0" hostname="DESKTOP-IUQKNDU" name="TestFramework.TestCases" tests="2" failures="0" timestamp="19 May 2018 10:21:28 GMT" time="26.407" errors="0">
  <testcase name="tc001" time="13.728" classname="TestFramework.TestCases"/>
  <testcase name="tc002" time="12.679" classname="TestFramework.TestCases"/>
</testsuite> <!-- TestFramework.TestCases -->
